#-----------------------------------------------------------
# Webtalk v2018.2 (64-bit)
# SW Build 2258646 on Thu Jun 14 20:03:12 MDT 2018
# 
# Start of session at: Wed May 29 12:41:56 2024
# Process ID: 14092
# Current directory: C:/Users/Student/Desktop/cs152b-Vincent-Matt/final_project/final_project.sdk/webtalk
# Command line: wbtcv.exe -mode batch -source sdk_webtalk.tcl
# Log file: C:/Users/Student/Desktop/cs152b-Vincent-Matt/final_project/final_project.sdk/webtalk/webtalk.log
# Journal file: C:/Users/Student/Desktop/cs152b-Vincent-Matt/final_project/final_project.sdk/webtalk\webtalk.jou
#-----------------------------------------------------------
source sdk_webtalk.tcl
# webtalk_init -webtalk_dir C:\\Users\\Student\\Desktop\\cs152b-Vincent-Matt\\final_project\\final_project.sdk\\webtalk
# webtalk_register_client -client project
# webtalk_add_data -client project -key date_generated -value "2024-05-29 12:41:55" -context "software_version_and_target_device"
# webtalk_add_data -client project -key product_version -value "SDK v2018.2" -context "software_version_and_target_device"
# webtalk_add_data -client project -key build_version -value "2018.2" -context "software_version_and_target_device"
# webtalk_add_data -client project -key os_platform -value "amd64" -context "software_version_and_target_device"
# webtalk_add_data -client project -key registration_id -value "211888400_0_0_236" -context "software_version_and_target_device"
# webtalk_add_data -client project -key tool_flow -value "SDK" -context "software_version_and_target_device"
# webtalk_add_data -client project -key beta -value "false" -context "software_version_and_target_device"
# webtalk_add_data -client project -key route_design -value "NA" -context "software_version_and_target_device"
# webtalk_add_data -client project -key target_family -value "NA" -context "software_version_and_target_device"
# webtalk_add_data -client project -key target_device -value "NA" -context "software_version_and_target_device"
# webtalk_add_data -client project -key target_package -value "NA" -context "software_version_and_target_device"
# webtalk_add_data -client project -key target_speed -value "NA" -context "software_version_and_target_device"
# webtalk_add_data -client project -key random_id -value "k15eelt71kof15o387r5a4c2hp" -context "software_version_and_target_device"
# webtalk_add_data -client project -key project_id -value "2018.2_25" -context "software_version_and_target_device"
# webtalk_add_data -client project -key project_iteration -value "25" -context "software_version_and_target_device"
# webtalk_add_data -client project -key os_name -value "Microsoft Windows 8 or later , 64-bit" -context "user_environment"
# webtalk_add_data -client project -key os_release -value "major release  (build 9200)" -context "user_environment"
# webtalk_add_data -client project -key cpu_name -value "Intel(R) Core(TM) i5-9500 CPU @ 3.00GHz" -context "user_environment"
# webtalk_add_data -client project -key cpu_speed -value "3000 MHz" -context "user_environment"
# webtalk_add_data -client project -key total_processors -value "1" -context "user_environment"
# webtalk_add_data -client project -key system_ram -value "8.411 GB" -context "user_environment"
# webtalk_register_client -client sdk
# webtalk_add_data -client sdk -key uid -value "1717011528372" -context "sdk\\\\hardware/1717011528372"
# webtalk_add_data -client sdk -key isZynq -value "false" -context "sdk\\\\hardware/1717011528372"
# webtalk_add_data -client sdk -key isZynqMP -value "false" -context "sdk\\\\hardware/1717011528372"
# webtalk_add_data -client sdk -key Processors -value "1" -context "sdk\\\\hardware/1717011528372"
# webtalk_add_data -client sdk -key VivadoVersion -value "2018.2" -context "sdk\\\\hardware/1717011528372"
# webtalk_add_data -client sdk -key Arch -value "artix7" -context "sdk\\\\hardware/1717011528372"
# webtalk_add_data -client sdk -key Device -value "7a35t" -context "sdk\\\\hardware/1717011528372"
# webtalk_add_data -client sdk -key IsHandoff -value "true" -context "sdk\\\\hardware/1717011528372"
# webtalk_add_data -client sdk -key os -value "NA" -context "sdk\\\\hardware/1717011528372"
# webtalk_add_data -client sdk -key apptemplate -value "NA" -context "sdk\\\\hardware/1717011528372"
# webtalk_add_data -client sdk -key RecordType -value "HWCreation" -context "sdk\\\\hardware/1717011528372"
# webtalk_add_data -client sdk -key uid -value "NA" -context "sdk\\\\bsp/1717011715461"
# webtalk_add_data -client sdk -key RecordType -value "ToolUsage" -context "sdk\\\\bsp/1717011715461"
# webtalk_add_data -client sdk -key BootgenCount -value "0" -context "sdk\\\\bsp/1717011715461"
# webtalk_add_data -client sdk -key DebugCount -value "0" -context "sdk\\\\bsp/1717011715461"
# webtalk_add_data -client sdk -key PerfCount -value "0" -context "sdk\\\\bsp/1717011715461"
# webtalk_add_data -client sdk -key FlashCount -value "0" -context "sdk\\\\bsp/1717011715461"
# webtalk_add_data -client sdk -key CrossTriggCount -value "0" -context "sdk\\\\bsp/1717011715461"
# webtalk_add_data -client sdk -key QemuDebugCount -value "0" -context "sdk\\\\bsp/1717011715461"
# webtalk_transmit -clientid 1076329599 -regid "211888400_0_0_236" -xml C:\\Users\\Student\\Desktop\\cs152b-Vincent-Matt\\final_project\\final_project.sdk\\webtalk\\usage_statistics_ext_sdk.xml -html C:\\Users\\Student\\Desktop\\cs152b-Vincent-Matt\\final_project\\final_project.sdk\\webtalk\\usage_statistics_ext_sdk.html -wdm C:\\Users\\Student\\Desktop\\cs152b-Vincent-Matt\\final_project\\final_project.sdk\\webtalk\\sdk_webtalk.wdm -intro "<H3>SDK Usage Report</H3><BR>"
# webtalk_terminate
INFO: [Common 17-206] Exiting Webtalk at Wed May 29 12:41:59 2024...
